{"/Users/3a/backend-project-46/src/gendiff.js": {"path":"/Users/3a/backend-project-46/src/gendiff.js","statementMap":{"0":{"start":{"line":5,"column":19},"end":{"line":11,"column":1}},"1":{"start":{"line":6,"column":20},"end":{"line":6,"column":43}},"2":{"start":{"line":7,"column":19},"end":{"line":7,"column":50}},"3":{"start":{"line":8,"column":25},"end":{"line":8,"column":69}},"4":{"start":{"line":8,"column":35},"end":{"line":8,"column":69}},"5":{"start":{"line":9,"column":19},"end":{"line":9,"column":72}},"6":{"start":{"line":9,"column":29},"end":{"line":9,"column":72}},"7":{"start":{"line":10,"column":2},"end":{"line":10,"column":40}},"8":{"start":{"line":14,"column":16},"end":{"line":14,"column":37}},"9":{"start":{"line":15,"column":16},"end":{"line":15,"column":37}},"10":{"start":{"line":17,"column":16},"end":{"line":17,"column":34}},"11":{"start":{"line":18,"column":16},"end":{"line":18,"column":34}},"12":{"start":{"line":19,"column":15},"end":{"line":19,"column":36}},"13":{"start":{"line":20,"column":21},"end":{"line":20,"column":35}},"14":{"start":{"line":22,"column":17},"end":{"line":33,"column":4}},"15":{"start":{"line":23,"column":4},"end":{"line":25,"column":5}},"16":{"start":{"line":24,"column":6},"end":{"line":24,"column":41}},"17":{"start":{"line":26,"column":4},"end":{"line":28,"column":5}},"18":{"start":{"line":27,"column":6},"end":{"line":27,"column":41}},"19":{"start":{"line":29,"column":4},"end":{"line":31,"column":5}},"20":{"start":{"line":30,"column":6},"end":{"line":30,"column":68}},"21":{"start":{"line":32,"column":4},"end":{"line":32,"column":39}},"22":{"start":{"line":34,"column":2},"end":{"line":34,"column":42}}},"fnMap":{"0":{"name":"(anonymous_0)","decl":{"start":{"line":5,"column":19},"end":{"line":5,"column":20}},"loc":{"start":{"line":5,"column":37},"end":{"line":11,"column":1}},"line":5},"1":{"name":"(anonymous_1)","decl":{"start":{"line":8,"column":25},"end":{"line":8,"column":26}},"loc":{"start":{"line":8,"column":35},"end":{"line":8,"column":69}},"line":8},"2":{"name":"(anonymous_2)","decl":{"start":{"line":9,"column":19},"end":{"line":9,"column":20}},"loc":{"start":{"line":9,"column":29},"end":{"line":9,"column":72}},"line":9},"3":{"name":"(anonymous_3)","decl":{"start":{"line":13,"column":15},"end":{"line":13,"column":16}},"loc":{"start":{"line":13,"column":41},"end":{"line":35,"column":1}},"line":13},"4":{"name":"(anonymous_4)","decl":{"start":{"line":22,"column":32},"end":{"line":22,"column":33}},"loc":{"start":{"line":22,"column":41},"end":{"line":33,"column":3}},"line":22}},"branchMap":{"0":{"loc":{"start":{"line":23,"column":4},"end":{"line":25,"column":5}},"type":"if","locations":[{"start":{"line":23,"column":4},"end":{"line":25,"column":5}},{"start":{},"end":{}}],"line":23},"1":{"loc":{"start":{"line":26,"column":4},"end":{"line":28,"column":5}},"type":"if","locations":[{"start":{"line":26,"column":4},"end":{"line":28,"column":5}},{"start":{},"end":{}}],"line":26},"2":{"loc":{"start":{"line":29,"column":4},"end":{"line":31,"column":5}},"type":"if","locations":[{"start":{"line":29,"column":4},"end":{"line":31,"column":5}},{"start":{},"end":{}}],"line":29}},"s":{"0":1,"1":4,"2":4,"3":4,"4":4,"5":4,"6":4,"7":4,"8":1,"9":1,"10":1,"11":1,"12":1,"13":1,"14":1,"15":5,"16":1,"17":4,"18":2,"19":2,"20":1,"21":1,"22":1},"f":{"0":4,"1":4,"2":4,"3":1,"4":5},"b":{"0":[1,4],"1":[2,2],"2":[1,1]},"_coverageSchema":"1a1c01bbd47fc00a2c39e90264f33305004495a9","hash":"ae9dfeb9e4a653c1b06e5a55968a831a7b69e901"}
}
